<?xml version="1.0" encoding="UTF-8"?>
<!-- Generated by org.testng.reporters.JUnitReportReporter -->
<testsuite skipped="0" hostname="DESKTOP-M5VT8AP" name="com.vcentry.TestNG.TestNgHomework" tests="1" failures="0" timestamp="2021-07-10T20:18:27 IST" time="0.008" errors="0">
  <testcase name="demo" time="0.008" classname="com.vcentry.TestNG.TestNgHomework"/>
  <system-out/>
</testsuite> <!-- com.vcentry.TestNG.TestNgHomework -->
