<?xml version="1.0" encoding="UTF-8"?>
<!-- Generated by org.testng.reporters.JUnitReportReporter -->
<testsuite skipped="0" hostname="DESKTOP-M5VT8AP" name="com.vcentry.TestNG.TestNGTest" tests="2" failures="0" timestamp="2021-07-17T23:35:25 IST" time="0.019" errors="0">
  <testcase name="InvalidLogin" time="0.013" classname="com.vcentry.TestNG.TestNGTest"/>
  <system-out/>
  <testcase name="validLogin" time="0.006" classname="com.vcentry.TestNG.TestNGTest"/>
  <system-out/>
</testsuite> <!-- com.vcentry.TestNG.TestNGTest -->
