<?xml version="1.0" encoding="UTF-8"?>
<!-- Generated by org.testng.reporters.JUnitReportReporter -->
<testsuite skipped="0" hostname="DESKTOP-M5VT8AP" name="com.vcentry.TestNG.Login2" tests="2" failures="0" timestamp="2021-07-31T10:03:45 IST" time="0.035" errors="0">
  <testcase name="invalid_login_2" time="0.027" classname="com.vcentry.TestNG.Login2"/>
  <system-out/>
  <testcase name="valid_login_2" time="0.008" classname="com.vcentry.TestNG.Login2"/>
  <system-out/>
</testsuite> <!-- com.vcentry.TestNG.Login2 -->
