<?xml version="1.0" encoding="UTF-8"?>
<!-- Generated by org.testng.reporters.JUnitReportReporter -->
<testsuite skipped="0" hostname="DESKTOP-M5VT8AP" name="com.vcentry.TestNG.Home" tests="5" failures="0" timestamp="2021-07-21T12:56:19 IST" time="0.024" errors="0">
  <testcase name="CustomerDetails" time="0.008" classname="com.vcentry.TestNG.Home"/>
  <system-out/>
  <testcase name="prior1" time="0.006" classname="com.vcentry.TestNG.Home"/>
  <system-out/>
  <testcase name="prior2" time="0.003" classname="com.vcentry.TestNG.Home"/>
  <system-out/>
  <testcase name="prior3" time="0.003" classname="com.vcentry.TestNG.Home"/>
  <system-out/>
  <testcase name="PaymentDetails" time="0.004" classname="com.vcentry.TestNG.Home"/>
  <system-out/>
</testsuite> <!-- com.vcentry.TestNG.Home -->
