<?xml version="1.0" encoding="UTF-8"?>
<!-- Generated by org.testng.reporters.JUnitReportReporter -->
<testsuite skipped="0" hostname="DESKTOP-M5VT8AP" name="com.vcentry.TestNG.Login" tests="2" failures="0" timestamp="2021-07-21T12:56:19 IST" time="0.005" errors="0">
  <testcase name="valid_login" time="0.003" classname="com.vcentry.TestNG.Login"/>
  <system-out/>
  <testcase name="invalid_login" time="0.002" classname="com.vcentry.TestNG.Login"/>
  <system-out/>
</testsuite> <!-- com.vcentry.TestNG.Login -->
