<?xml version="1.0" encoding="UTF-8"?>
<!-- Generated by org.testng.reporters.JUnitReportReporter -->
<testsuite skipped="0" hostname="DESKTOP-M5VT8AP" name="com.vcentry.TestNG.Logout" tests="1" failures="0" timestamp="2021-07-31T10:03:45 IST" time="0.003" errors="0">
  <testcase name="PaymentDetails_2" time="0.003" classname="com.vcentry.TestNG.Logout"/>
  <system-out/>
</testsuite> <!-- com.vcentry.TestNG.Logout -->
